c:\users\kempm\source\workspaces\windowsdrivers\win8.1debug\kmdfdriver3.sys
c:\users\kempm\source\workspaces\windowsdrivers\kmdf driver3\win8.1debug\kmdfdriver3.inf
c:\users\kempm\source\workspaces\windowsdrivers\kmdf driver3\win8.1debug\vc120.pdb
c:\users\kempm\source\workspaces\windowsdrivers\kmdf driver3\win8.1debug\queue.obj
c:\users\kempm\source\workspaces\windowsdrivers\kmdf driver3\win8.1debug\driver.obj
c:\users\kempm\source\workspaces\windowsdrivers\kmdf driver3\win8.1debug\device.obj
c:\users\kempm\source\workspaces\windowsdrivers\win8.1debug\kmdfdriver3.pdb
c:\users\kempm\source\workspaces\windowsdrivers\win8.1debug\kmdfdriver3.cer
c:\users\kempm\source\workspaces\windowsdrivers\win8.1debug\kmdfdriver3.inf
c:\users\kempm\source\workspaces\windowsdrivers\kmdf driver3\win8.1debug\signtool.command.1.tlog
c:\users\kempm\source\workspaces\windowsdrivers\kmdf driver3\win8.1debug\signtool.read.1.tlog
c:\users\kempm\source\workspaces\windowsdrivers\kmdf driver3\win8.1debug\signtool.write.1.tlog
c:\users\kempm\source\workspaces\windowsdrivers\kmdf driver3\win8.1debug\stampinf.command.1.tlog
c:\users\kempm\source\workspaces\windowsdrivers\kmdf driver3\win8.1debug\stampinf.read.1.tlog
c:\users\kempm\source\workspaces\windowsdrivers\kmdf driver3\win8.1debug\stampinf.write.1.tlog
c:\users\kempm\source\workspaces\windowsdrivers\kmdf driver3\win8.1debug\tracewpp.command.1.tlog
c:\users\kempm\source\workspaces\windowsdrivers\kmdf driver3\win8.1debug\tracewpp.read.1.tlog
c:\users\kempm\source\workspaces\windowsdrivers\kmdf driver3\win8.1debug\tracewpp.write.1.tlog
c:\users\kempm\source\workspaces\windowsdrivers\kmdf driver3\win8.1debug\kmdf driver3.tlog\cl.command.1.tlog
c:\users\kempm\source\workspaces\windowsdrivers\kmdf driver3\win8.1debug\kmdf driver3.tlog\cl.read.1.tlog
c:\users\kempm\source\workspaces\windowsdrivers\kmdf driver3\win8.1debug\kmdf driver3.tlog\cl.write.1.tlog
c:\users\kempm\source\workspaces\windowsdrivers\kmdf driver3\win8.1debug\kmdf driver3.tlog\link.command.1.tlog
c:\users\kempm\source\workspaces\windowsdrivers\kmdf driver3\win8.1debug\kmdf driver3.tlog\link.read.1.tlog
c:\users\kempm\source\workspaces\windowsdrivers\kmdf driver3\win8.1debug\kmdf driver3.tlog\link.write.1.tlog
